2026-05-06 20:21:07 [ERROR] 管理员登录失败: Unknown column 'realName' in 'field list'
2026-05-06 20:27:05 [ERROR] 管理员登录失败: 用户名或密码错误
2026-05-06 20:38:07 [ERROR] 获取统计数据失败: Cannot read properties of undefined (reading 'Op')
2026-05-06 20:38:11 [ERROR] 获取统计数据失败: Cannot read properties of undefined (reading 'Op')
2026-05-06 20:38:22 [ERROR] 获取订单列表失败: You have an error in your SQL syntax; check the manual that corresponds to your MySQL server version for the right syntax to use near ''10'' at line 1
2026-05-06 20:38:27 [ERROR] 获取订单列表失败: You have an error in your SQL syntax; check the manual that corresponds to your MySQL server version for the right syntax to use near ''10'' at line 1
2026-05-06 20:38:58 [ERROR] 获取订单列表失败: You have an error in your SQL syntax; check the manual that corresponds to your MySQL server version for the right syntax to use near ''10'' at line 1
2026-05-06 20:42:11 [ERROR] 获取统计数据失败: Cannot read properties of undefined (reading 'Op')
2026-05-06 20:42:12 [ERROR] 获取订单列表失败: You have an error in your SQL syntax; check the manual that corresponds to your MySQL server version for the right syntax to use near ''10'' at line 1
2026-05-06 20:42:20 [ERROR] 获取统计数据失败: Cannot read properties of undefined (reading 'Op')
2026-05-06 20:42:22 [ERROR] 获取订单列表失败: You have an error in your SQL syntax; check the manual that corresponds to your MySQL server version for the right syntax to use near ''10'' at line 1
2026-05-06 20:44:30 [ERROR] 获取统计数据失败: Cannot read properties of undefined (reading 'Op')
2026-05-06 20:44:36 [ERROR] 获取统计数据失败: Cannot read properties of undefined (reading 'Op')
2026-05-06 20:44:38 [ERROR] 获取统计数据失败: Cannot read properties of undefined (reading 'Op')
2026-05-06 20:44:41 [ERROR] 获取统计数据失败: Cannot read properties of undefined (reading 'Op')
2026-05-06 20:44:45 [ERROR] 获取统计数据失败: Cannot read properties of undefined (reading 'Op')
2026-05-06 20:49:21 [ERROR] 获取统计数据失败: Cannot read properties of undefined (reading 'gte')
2026-05-06 20:49:23 [ERROR] 获取统计数据失败: Cannot read properties of undefined (reading 'gte')
2026-05-06 20:49:25 [ERROR] 获取订单列表失败: Unknown column 'orderNo' in 'field list'
2026-05-06 20:49:25 [ERROR] 获取订单列表失败: Unknown column 'orderNo' in 'field list'
2026-05-06 20:49:27 [ERROR] 获取统计数据失败: Cannot read properties of undefined (reading 'gte')
2026-05-06 20:51:50 [ERROR] 获取统计数据失败: Cannot read properties of undefined (reading 'gte')
2026-05-06 20:52:52 [ERROR] 获取统计数据失败: Unknown column 'Order.createTime' in 'where clause'
2026-05-06 20:52:54 [ERROR] 获取统计数据失败: Unknown column 'Order.createTime' in 'where clause'
2026-05-06 20:58:31 [ERROR] 获取统计数据失败: Invalid value { '$gte': 2026-05-05T16:00:00.000Z }
2026-05-06 20:58:33 [ERROR] 获取统计数据失败: Invalid value { '$gte': 2026-05-05T16:00:00.000Z }
2026-05-06 20:58:35 [ERROR] 获取订单列表失败: Unknown column 'Order.createTime' in 'order clause'
2026-05-06 20:58:36 [ERROR] 获取统计数据失败: Invalid value { '$gte': 2026-05-05T16:00:00.000Z }
2026-05-06 21:00:38 [ERROR] 获取统计数据失败: Unknown column 'Order.createTime' in 'where clause'
2026-05-06 21:00:41 [ERROR] 获取统计数据失败: Unknown column 'Order.createTime' in 'where clause'
2026-05-07 18:53:44 [ERROR] 管理员登录失败: 用户名或密码错误
2026-05-07 20:05:13 [ERROR] 未捕获异常: listen EADDRINUSE: address already in use :::3000
2026-05-07 20:48:33 [ERROR] 获取订单列表失败: Unknown column 'Order.userId' in 'where clause'
2026-05-07 20:53:53 [ERROR] 获取订单列表失败: Unknown column 'Order.userId' in 'where clause'
2026-05-08 17:43:37 [ERROR] 获取订单列表失败: Unknown column 'Order.userId' in 'where clause'
2026-05-08 17:43:39 [ERROR] 获取订单列表失败: Unknown column 'Order.userId' in 'where clause'
2026-05-08 17:52:11 [ERROR] 获取订单列表失败: Unknown column 'Order.userId' in 'where clause'
2026-05-08 17:53:54 [ERROR] 获取订单列表失败: Unknown column 'Order.userId' in 'where clause'
2026-05-08 18:04:45 [ERROR] 获取订单列表失败: You have an error in your SQL syntax; check the manual that corresponds to your MySQL server version for the right syntax to use near ''10'' at line 1
2026-05-08 18:04:49 [ERROR] 获取订单列表失败: You have an error in your SQL syntax; check the manual that corresponds to your MySQL server version for the right syntax to use near ''10'' at line 1
2026-05-08 18:06:01 [ERROR] 数据库同步失败: Too many keys specified; max 64 keys allowed
2026-05-08 18:06:14 [ERROR] 数据库同步失败: Too many keys specified; max 64 keys allowed
2026-05-08 18:06:48 [ERROR] 数据库同步失败: Too many keys specified; max 64 keys allowed
2026-05-08 18:07:00 [ERROR] 数据库同步失败: Too many keys specified; max 64 keys allowed
2026-05-08 18:07:14 [ERROR] 数据库同步失败: Too many keys specified; max 64 keys allowed
2026-05-08 18:07:24 [ERROR] 数据库同步失败: Too many keys specified; max 64 keys allowed
2026-05-08 18:08:08 [ERROR] 数据库同步失败: Too many keys specified; max 64 keys allowed
2026-05-08 18:08:38 [ERROR] 数据库同步失败: Too many keys specified; max 64 keys allowed
2026-05-08 18:09:05 [ERROR] 数据库同步失败: Too many keys specified; max 64 keys allowed
2026-05-08 18:09:49 [ERROR] 获取订单列表失败: You have an error in your SQL syntax; check the manual that corresponds to your MySQL server version for the right syntax to use near ''10'' at line 1
2026-05-08 18:10:00 [ERROR] 获取订单列表失败: You have an error in your SQL syntax; check the manual that corresponds to your MySQL server version for the right syntax to use near ''10'' at line 1
2026-05-08 18:10:25 [ERROR] 数据库同步失败: Too many keys specified; max 64 keys allowed
2026-05-08 18:11:23 [ERROR] 获取订单列表失败: You have an error in your SQL syntax; check the manual that corresponds to your MySQL server version for the right syntax to use near ''10'' at line 1
2026-05-08 18:12:39 [ERROR] 获取订单列表失败: You have an error in your SQL syntax; check the manual that corresponds to your MySQL server version for the right syntax to use near ''10'' at line 1
2026-05-08 18:13:17 [ERROR] 数据库同步失败: Too many keys specified; max 64 keys allowed
2026-05-08 18:13:39 [ERROR] 数据库同步失败: Too many keys specified; max 64 keys allowed
2026-05-08 18:14:26 [ERROR] 数据库同步失败: Too many keys specified; max 64 keys allowed
2026-05-08 18:15:55 [ERROR] 数据库同步失败: Too many keys specified; max 64 keys allowed
2026-05-08 18:23:15 [ERROR] 数据库同步失败: Too many keys specified; max 64 keys allowed
2026-05-08 18:24:22 [ERROR] 数据库同步失败: Too many keys specified; max 64 keys allowed
2026-05-08 18:24:52 [ERROR] 数据库同步失败: Too many keys specified; max 64 keys allowed
2026-05-08 18:25:21 [ERROR] 数据库同步失败: Too many keys specified; max 64 keys allowed
2026-05-08 18:30:31 [ERROR] 数据库同步失败: Too many keys specified; max 64 keys allowed
2026-05-08 18:31:18 [ERROR] 数据库同步失败: Too many keys specified; max 64 keys allowed
2026-05-08 18:32:08 [ERROR] 数据库同步失败: Too many keys specified; max 64 keys allowed
2026-05-08 18:38:53 [ERROR] 未捕获异常: listen EADDRINUSE: address already in use :::3000
2026-05-08 19:00:15 [ERROR] 创建订单失败: Invalid key length
2026-05-09 21:14:35 [ERROR] 未捕获异常: listen EADDRINUSE: address already in use :::3000
2026-05-10 12:56:51 [ERROR] 创建订单失败: Column 'card_no' cannot be null
2026-05-10 12:56:59 [ERROR] 创建订单失败: Column 'card_no' cannot be null
2026-05-11 20:21:20 [ERROR] 获取所有卡券类型列表失败: Unknown column 'buy_discount_rate' in 'field list'
2026-05-11 20:21:25 [ERROR] 获取所有卡券类型列表失败: Unknown column 'buy_discount_rate' in 'field list'
2026-05-11 20:27:00 [ERROR] 获取所有卡券类型列表失败: Unknown column 'buy_discount_rate' in 'field list'
2026-05-12 17:51:55 [ERROR] 未捕获异常: listen EADDRINUSE: address already in use :::3000
2026-05-12 18:12:55 [ERROR] 未捕获异常: listen EADDRINUSE: address already in use :::3000
2026-05-12 18:13:10 [ERROR] 未捕获异常: listen EADDRINUSE: address already in use :::3000
2026-05-12 18:13:25 [ERROR] 未捕获异常: listen EADDRINUSE: address already in use :::3000
2026-05-12 19:11:01 [ERROR] 未捕获异常: listen EADDRINUSE: address already in use :::3000
2026-05-12 19:28:49 [ERROR] 未捕获异常: listen EADDRINUSE: address already in use :::3000
2026-05-12 19:29:07 [ERROR] 未捕获异常: listen EADDRINUSE: address already in use :::3000
2026-05-12 19:33:30 [ERROR] 未捕获异常: listen EADDRINUSE: address already in use :::3000
2026-05-12 19:37:57 [ERROR] 未捕获异常: listen EADDRINUSE: address already in use :::3000
2026-05-12 19:38:38 [ERROR] 未捕获异常: listen EADDRINUSE: address already in use :::3000
2026-05-12 19:39:25 [ERROR] 未捕获异常: listen EADDRINUSE: address already in use :::3000
2026-05-12 19:40:19 [ERROR] 未捕获异常: listen EADDRINUSE: address already in use :::3000
2026-05-12 19:45:53 [ERROR] 未捕获异常: listen EADDRINUSE: address already in use :::3000
2026-05-12 19:46:42 [ERROR] 未捕获异常: listen EADDRINUSE: address already in use :::3000
2026-05-12 19:47:04 [ERROR] 未捕获异常: listen EADDRINUSE: address already in use :::3000
2026-05-12 19:47:34 [ERROR] 未捕获异常: listen EADDRINUSE: address already in use :::3000
2026-05-12 19:48:08 [ERROR] 未捕获异常: listen EADDRINUSE: address already in use :::3000
2026-05-12 19:48:21 [ERROR] 未捕获异常: listen EADDRINUSE: address already in use :::3000
2026-05-12 19:48:34 [ERROR] 未捕获异常: listen EADDRINUSE: address already in use :::3000
2026-05-12 19:50:53 [ERROR] 未捕获异常: listen EADDRINUSE: address already in use :::3000
2026-05-12 19:51:32 [ERROR] 管理员登录失败: 用户名或密码错误
2026-05-12 19:52:35 [ERROR] 管理员登录失败: 用户名或密码错误
2026-05-12 19:59:53 [ERROR] 未捕获异常: listen EADDRINUSE: address already in use :::3000
2026-05-12 20:08:27 [ERROR] 未捕获异常: listen EADDRINUSE: address already in use :::3000
2026-05-12 20:11:40 [ERROR] 未捕获异常: listen EADDRINUSE: address already in use :::3000
2026-05-12 20:12:13 [ERROR] 未捕获异常: listen EADDRINUSE: address already in use :::3000
2026-05-12 20:12:49 [ERROR] 未捕获异常: listen EADDRINUSE: address already in use :::3000
2026-05-12 20:13:00 [ERROR] 未捕获异常: listen EADDRINUSE: address already in use :::3000
2026-05-12 20:13:26 [ERROR] 未捕获异常: listen EADDRINUSE: address already in use :::3000
2026-05-13 19:17:26 [ERROR] 获取卡产品列表失败: Unknown column 'is_hot' in 'field list'
2026-05-13 19:17:37 [ERROR] 获取卡产品列表失败: Unknown column 'is_hot' in 'field list'
2026-05-14 19:45:40 [ERROR] 未捕获异常: listen EADDRINUSE: address already in use :::3000
2026-05-14 20:27:24 [ERROR] 批量保存面值明细失败: 面值20已存在，不能重复添加
2026-05-15 20:17:12 [ERROR] 获取卡产品列表失败: Unknown column 'icon' in 'field list'
2026-05-15 21:56:26 [ERROR] 获取卡券类型列表失败: Unknown column 'icon_url' in 'field list'
2026-05-15 21:56:43 [ERROR] 获取卡券类型列表失败: Unknown column 'icon_url' in 'field list'
2026-05-15 21:56:58 [ERROR] 获取卡券类型列表失败: Unknown column 'icon_url' in 'field list'
2026-05-15 21:57:18 [ERROR] 获取卡券类型列表失败: Unknown column 'icon_url' in 'field list'
2026-05-15 21:57:32 [ERROR] 获取卡券类型列表失败: Unknown column 'icon_url' in 'field list'
2026-05-15 21:58:49 [ERROR] 获取卡券类型列表失败: Unknown column 'icon_url' in 'field list'
2026-05-15 21:59:56 [ERROR] 获取卡券类型列表失败: Unknown column 'icon_url' in 'field list'
2026-05-15 22:01:33 [ERROR] 获取卡券类型列表失败: Unknown column 'icon_url' in 'field list'
2026-05-15 22:02:05 [ERROR] 获取卡券类型列表失败: Unknown column 'icon_url' in 'field list'
2026-05-15 22:02:24 [ERROR] 获取卡券类型列表失败: Unknown column 'icon_url' in 'field list'
2026-05-15 22:43:34 [ERROR] 未捕获异常: listen EADDRINUSE: address already in use :::3000
2026-05-15 22:51:01 [ERROR] 未捕获异常: listen EADDRINUSE: address already in use :::3000
